<?xml version="1.0" encoding="UTF-8"?>
<!-- Generated by org.testng.reporters.JUnitXMLReporter -->
<testsuite ignored="6" hostname="Silva" failures="0" tests="8" name="OOPTest" time="0.071" errors="0" timestamp="2026-03-13T19:22:43 WIB">
  <testcase classname="com.juaracoding.learnjava.oop.AuthTest" name="testLogin" time="0.007"/>
  <testcase classname="com.juaracoding.learnjava.oop.AuthTest" name="testLogin" time="0.0"/>
  <testcase classname="com.juaracoding.learnjava.oop.AuthTest" name="testLogin" time="0.0"/>
  <testcase classname="com.juaracoding.learnjava.oop.AuthTest" name="testLogin" time="0.0"/>
  <testcase classname="com.juaracoding.learnjava.oop.AuthTest" name="testRegister" time="0.005"/>
  <testcase classname="com.juaracoding.learnjava.oop.AuthTest" name="testRegisterInvalid" time="0.004"/>
  <testcase classname="com.juaracoding.learnjava.oop.AuthTest" name="testRegisterInvalid" time="0.001"/>
  <testcase classname="com.juaracoding.learnjava.oop.AuthTest" name="testRegisterInvalid" time="0.001"/>
  <testcase classname="com.juaracoding.learnjava.oop.KaryawanTest" name="testSetNegativeSalary" time="0.0">
    <ignored/>
  </testcase> <!-- testSetNegativeSalary -->
  <testcase classname="com.juaracoding.learnjava.oop.KaryawanTest" name="testSetNama" time="0.0">
    <ignored/>
  </testcase> <!-- testSetNama -->
  <testcase classname="com.juaracoding.learnjava.oop.KaryawanTest" name="testCalculateAnnualSalary" time="0.0">
    <ignored/>
  </testcase> <!-- testCalculateAnnualSalary -->
  <testcase classname="com.juaracoding.learnjava.oop.KaryawanTest" name="testCalculateTax" time="0.0">
    <ignored/>
  </testcase> <!-- testCalculateTax -->
  <testcase classname="com.juaracoding.learnjava.oop.KaryawanTest" name="testSetJabatan" time="0.0">
    <ignored/>
  </testcase> <!-- testSetJabatan -->
  <testcase classname="com.juaracoding.learnjava.oop.KaryawanTest" name="testSetSalary" time="0.0">
    <ignored/>
  </testcase> <!-- testSetSalary -->
</testsuite> <!-- OOPTest -->
