<?xml version="1.0" encoding="UTF-8"?>
<testsuite xmlns:xsi="http://www.w3.org/2001/XMLSchema-instance" xsi:noNamespaceSchemaLocation="https://maven.apache.org/surefire/maven-surefire-plugin/xsd/surefire-test-report-3.0.xsd" version="3.0" name="TestSuite" time="0.551" tests="8" errors="0" skipped="0" failures="0">
  <properties>
[...]
</properties>
  <testcase name="testLogin[admin, password123, true](1)" classname="com.juaracoding.learnjava.oop.AuthTest" time="0.009">
    <system-out><![CDATA[Test login success passed
]]></system-out>
    <system-err><![CDATA[SLF4J: Failed to load class "org.slf4j.impl.StaticLoggerBinder".
SLF4J: Defaulting to no-operation (NOP) logger implementation
SLF4J: See http://www.slf4j.org/codes.html#StaticLoggerBinder for further details.
]]></system-err>
  </testcase>
  <testcase name="testLogin[admin, WrongPassword, false](2)" classname="com.juaracoding.learnjava.oop.AuthTest" time="0.01">
    <system-out><![CDATA[Test login success passed
]]></system-out>
  </testcase>
  <testcase name="testLogin[user, Indonesia, false](3)" classname="com.juaracoding.learnjava.oop.AuthTest" time="0.001">
    <system-out><![CDATA[Test login success passed
]]></system-out>
  </testcase>
  <testcase name="testLogin[user, WrongPassword, false](4)" classname="com.juaracoding.learnjava.oop.AuthTest" time="0.001">
    <system-out><![CDATA[Test login success passed
]]></system-out>
  </testcase>
  <testcase name="testRegister[newuser, password123, 1234567890123456, true](1)" classname="com.juaracoding.learnjava.oop.AuthTest" time="0.001">
    <system-out><![CDATA[Test register success passed
]]></system-out>
  </testcase>
  <testcase name="testRegisterInvalid[user, pass, 1234567890123456](1)" classname="com.juaracoding.learnjava.oop.AuthTest" time="0.001"/>
  <testcase name="testRegisterInvalid[user, password123, 12345678901234](2)" classname="com.juaracoding.learnjava.oop.AuthTest" time="0.005"/>
  <testcase name="testRegisterInvalid[user, password123, 12345678901234567](3)" classname="com.juaracoding.learnjava.oop.AuthTest" time="0"/>
</testsuite>