<?xml version="1.0" encoding="UTF-8"?>
<!-- Generated by org.testng.reporters.JUnitReportReporter -->
<testsuite hostname="Silva" failures="0" tests="8" name="com.juaracoding.learnjava.oop.AuthTest" time="0.018" errors="0" timestamp="2026-03-13T19:22:43 WIB" skipped="0">
  <testcase classname="com.juaracoding.learnjava.oop.AuthTest" name="testLogin" time="0.000"/>
  <testcase classname="com.juaracoding.learnjava.oop.AuthTest" name="testLogin" time="0.000"/>
  <testcase classname="com.juaracoding.learnjava.oop.AuthTest" name="testRegisterInvalid" time="0.001"/>
  <testcase classname="com.juaracoding.learnjava.oop.AuthTest" name="testRegister" time="0.005"/>
  <testcase classname="com.juaracoding.learnjava.oop.AuthTest" name="testRegisterInvalid" time="0.001"/>
  <testcase classname="com.juaracoding.learnjava.oop.AuthTest" name="testLogin" time="0.007"/>
  <testcase classname="com.juaracoding.learnjava.oop.AuthTest" name="testLogin" time="0.000"/>
  <testcase classname="com.juaracoding.learnjava.oop.AuthTest" name="testRegisterInvalid" time="0.004"/>
</testsuite> <!-- com.juaracoding.learnjava.oop.AuthTest -->
